[debug] [2024-07-29T21:17:20.802Z] ----------------------------------------------------------------------
[debug] [2024-07-29T21:17:20.804Z] Command:       C:\Program Files\nodejs\node.exe C:\Users\tadic\AppData\Roaming\npm\node_modules\firebase-tools\lib\bin\firebase.js init
[debug] [2024-07-29T21:17:20.805Z] CLI Version:   13.14.2
[debug] [2024-07-29T21:17:20.805Z] Platform:      win32
[debug] [2024-07-29T21:17:20.805Z] Node Version:  v18.17.1
[debug] [2024-07-29T21:17:20.806Z] Time:          Mon Jul 29 2024 23:17:20 GMT+0200 (South Africa Standard Time)
[debug] [2024-07-29T21:17:20.806Z] ----------------------------------------------------------------------
[debug] 
[debug] [2024-07-29T21:17:20.817Z] > command requires scopes: ["email","openid","https://www.googleapis.com/auth/cloudplatformprojects.readonly","https://www.googleapis.com/auth/firebase","https://www.googleapis.com/auth/cloud-platform"]
[debug] [2024-07-29T21:17:20.817Z] > authorizing via signed-in user (tadichingwe0@gmail.com)
[info] 
     ######## #### ########  ######## ########     ###     ######  ########
     ##        ##  ##     ## ##       ##     ##  ##   ##  ##       ##
     ######    ##  ########  ######   ########  #########  ######  ######
     ##        ##  ##    ##  ##       ##     ## ##     ##       ## ##
     ##       #### ##     ## ######## ########  ##     ##  ######  ########

You're about to initialize a Firebase project in this directory:

  C:\Users\tadic\OneDrive\Documents\Other Work\Bridge Labs App\Tadiwanashe Chingwe E-commerce\store

[info] 
=== Project Setup
[info] 
[info] First, let's associate this project directory with a Firebase project.
[info] You can create multiple project aliases by running firebase use --add, 
[info] but for now we'll just set up a default project.
[info] 
[debug] [2024-07-29T21:17:53.622Z] > refreshing access token with scopes: []
[debug] [2024-07-29T21:17:53.624Z] >>> [apiv2][query] POST https://www.googleapis.com/oauth2/v3/token [none]
[debug] [2024-07-29T21:17:53.624Z] >>> [apiv2][body] POST https://www.googleapis.com/oauth2/v3/token [omitted]
[debug] [2024-07-29T21:17:54.083Z] <<< [apiv2][status] POST https://www.googleapis.com/oauth2/v3/token 400
[debug] [2024-07-29T21:17:54.083Z] <<< [apiv2][body] POST https://www.googleapis.com/oauth2/v3/token [omitted]
[debug] [2024-07-29T21:17:54.084Z] >>> [apiv2][query] GET https://firebase.googleapis.com/v1beta1/projects pageSize=100
[debug] [2024-07-29T21:17:54.623Z] <<< [apiv2][status] GET https://firebase.googleapis.com/v1beta1/projects 401
[debug] [2024-07-29T21:17:54.623Z] <<< [apiv2][body] GET https://firebase.googleapis.com/v1beta1/projects [omitted]
[debug] [2024-07-29T21:17:54.623Z] HTTP Error: 401, Request had invalid authentication credentials. Expected OAuth 2 access token, login cookie or other valid authentication credential. See https://developers.google.com/identity/sign-in/web/devconsole-project.
[debug] [2024-07-29T21:17:54.992Z] FirebaseError: HTTP Error: 401, Request had invalid authentication credentials. Expected OAuth 2 access token, login cookie or other valid authentication credential. See https://developers.google.com/identity/sign-in/web/devconsole-project.
    at responseToError (C:\Users\tadic\AppData\Roaming\npm\node_modules\firebase-tools\lib\responseToError.js:49:12)
    at RetryOperation._fn (C:\Users\tadic\AppData\Roaming\npm\node_modules\firebase-tools\lib\apiv2.js:305:77)
    at process.processTicksAndRejections (node:internal/process/task_queues:95:5)
[error] 
[error] Error: Failed to list Firebase projects. See firebase-debug.log for more info.
